[00:00:47] [Server thread/INFO]: dragonterroirs has made the advancement [Acquire Hardware]
[00:03:01] [Server thread/INFO]: dragonterroirs has made the advancement [Light as a Rabbit]
[00:04:38] [Server thread/INFO]: Joaquin210601 has made the advancement [Ol' Betsy]
[00:04:38] [Server thread/INFO]: Joaquin210601 has made the advancement [Take Aim]
[00:04:45] [Server thread/INFO]: Joaquin210601 has made the advancement [Who's the Pillager Now?]
[00:07:11] [Server thread/INFO]: dragonterroirs has made the advancement [Not Today, Thank You]
[00:07:34] [Server thread/INFO]: Joaquin210601 has made the advancement [Ice Bucket Challenge]
[00:08:02] [Server thread/INFO]: SmolderTF has made the advancement [Sweet Dreams]
[00:08:03] [Server thread/INFO]: [Not Secure] <SmolderTF> zzz
[00:08:21] [Server thread/INFO]: dragonterroirs has made the advancement [Hot Stuff]
[00:09:06] [Server thread/INFO]: LaSuperNenita_YT has made the advancement [Diamonds!]
[00:13:29] [Server thread/INFO]: dragonterroirs has made the advancement [We Need to Go Deeper]
[00:14:57] [Server thread/INFO]: Joaquin210601 has made the advancement [We Need to Go Deeper]
[00:15:39] [Server thread/INFO]: dragonterroirs has made the advancement [Isn't It Iron Pick]
[00:16:50] [Server thread/INFO]: dragonterroirs has made the advancement [Suit Up]
[00:17:57] [Server thread/INFO]: mrnicolas has made the advancement [Diamonds!]
[00:18:05] [Server thread/WARN]: Mismatch in destroy block pos: gu{x=-274, y=73, z=1571} gu{x=-273, y=71, z=1572}
[00:18:06] [Server thread/WARN]: Mismatch in destroy block pos: gu{x=-274, y=73, z=1571} gu{x=-273, y=71, z=1572}
[00:18:31] [Server thread/INFO]: SmolderTF has made the advancement [Hot Stuff]
[00:19:26] [Server thread/INFO]: LaSuperNenita_YT has made the advancement [Suit Up]
[00:21:47] [Server thread/INFO]: mrnicolas has made the advancement [Ol' Betsy]
[00:22:32] [Server thread/INFO]: dragonterroirs has made the advancement [Diamonds!]
[00:25:44] [Server thread/INFO]: dragonterroirs has made the advancement [Cover Me with Diamonds]
[00:25:52] [Server thread/INFO]: mrnicolas has made the advancement [Ice Bucket Challenge]
[00:29:14] [Server thread/INFO]: [Not Secure] <jwodo> YA CHVR TU CHISTE KIRIRO
[00:30:26] [Server thread/INFO]: jwodo has made the advancement [Sweet Dreams]
[00:30:59] [Server thread/INFO]: [KIRIRO11GG: Set the time to 1000]
[00:31:13] [Server thread/INFO]: SmolderTF lost connection: Disconnected
[00:31:13] [Server thread/INFO]: SmolderTF left the game
[00:31:13] [Server thread/INFO]: [KIRIRO11GG: Kicked SmolderTF: Kicked by an operator]
[00:31:13] [Server thread/WARN]: handleDisconnection() called twice
[00:31:22] [Server thread/INFO]: SmolderTF[/127.190.114.133:60001] logged in with entity id 127175 at (-351.2853777104146, -6.0, 301.39301899631846)
[00:31:22] [Server thread/INFO]: SmolderTF joined the game
[00:31:40] [Server thread/INFO]: mrnicolas lost connection: Kicked for spamming
[00:31:40] [Server thread/INFO]: mrnicolas left the game
[00:31:46] [Server thread/INFO]: mrnicolas[/127.118.126.123:36725] logged in with entity id 127587 at (2366.6420771437006, 63.0, 1475.8665463202103)
[00:31:46] [Server thread/INFO]: mrnicolas joined the game
[00:31:53] [Server thread/INFO]: [Not Secure] <KIRIRO11GG> 3831130057451450158
[00:32:12] [Server thread/INFO]: [KIRIRO11GG: The difficulty has been set to Hard]
[00:32:29] [Server thread/INFO]: [Not Secure] <Joaquin210601> -775 1892
[00:32:36] [Server thread/INFO]: [KIRIRO11GG: Teleported KIRIRO11GG to Joaquin210601]
[00:32:46] [Server thread/INFO]: [KIRIRO11GG: Teleported KIRIRO11GG to jwodo]
[00:32:53] [Server thread/INFO]: [KIRIRO11GG: Set own game mode to Creative Mode]
[00:32:58] [Server thread/INFO]: alfrejorDx was doomed to fall
[00:33:12] [Server thread/INFO]: mrnicolas lost connection: Disconnected
[00:33:12] [Server thread/INFO]: mrnicolas left the game
[00:33:13] [Server thread/INFO]: [KIRIRO11GG: Set own game mode to Survival Mode]
[00:33:42] [Server thread/WARN]: Mismatch in destroy block pos: gu{x=9, y=64, z=-17} gu{x=9, y=64, z=-16}
[00:33:42] [Server thread/INFO]: mrnicolas[/127.118.126.123:60669] logged in with entity id 129650 at (2364.187069675777, 63.0, 1478.5519830262474)
[00:33:42] [Server thread/INFO]: mrnicolas joined the game
[00:34:16] [Server thread/INFO]: alfrejorDx lost connection: Disconnected
[00:34:16] [Server thread/INFO]: alfrejorDx left the game
[00:35:43] [Server thread/INFO]: dragonterroirs has made the advancement [Oh Shiny]
[00:35:45] [Server thread/INFO]: SmolderTF has made the advancement [Diamonds!]
[00:38:05] [Server thread/INFO]: [KIRIRO11GG: Teleported jwodo to Joaquin210601]
[00:38:22] [Server thread/INFO]: Teleported jwodo to Joaquin210601
[00:39:08] [Server thread/INFO]: jwodo was slain by Vindicator
[00:39:29] [Server thread/INFO]: [Not Secure] <jwodo> kiriro tp
[00:39:40] [Server thread/INFO]: Joaquin210601 was shot by Pillager
[00:39:42] [Server thread/INFO]: [Not Secure] <jwodo> kiriro tp
[00:39:43] [Server thread/INFO]: [Not Secure] <jwodo> kiriro tp
[00:39:44] [Server thread/INFO]: [Not Secure] <jwodo> kiriro tp
[00:39:44] [Server thread/INFO]: [Not Secure] <jwodo> kiriro tp
[00:39:45] [Server thread/INFO]: [Not Secure] <jwodo> kiriro tp
[00:39:46] [Server thread/INFO]: [Not Secure] <jwodo> kiriro tp
[00:40:00] [Server thread/INFO]: [Not Secure] <jwodo> kiriro tp
[00:41:02] [Server thread/INFO]: [Not Secure] <jwodo> kiriro tp
[00:41:02] [Server thread/INFO]: Villager byb['Cartographer'/139007, l='ServerLevel[world]', x=-836.64, y=72.00, z=1846.54] died, message: 'Cartographer was shot by Pillager'
[00:41:09] [Server thread/INFO]: Villager byb['Farmer'/139058, l='ServerLevel[world]', x=-810.90, y=72.00, z=1835.17] died, message: 'Farmer was shot by Pillager'
[00:41:12] [Server thread/INFO]: jwodo drowned
[00:41:31] [Server thread/INFO]: Villager byb['Armorer'/139042, l='ServerLevel[world]', x=-818.81, y=71.00, z=1838.77] died, message: 'Armorer was shot by Pillager'
[00:41:38] [Server thread/INFO]: Joaquin210601 was shot by Pillager
[00:41:43] [Server thread/INFO]: jwodo drowned
[00:41:51] [Server thread/INFO]: LaSuperNenita_YT has made the advancement [Sweet Dreams]
[00:42:40] [Server thread/INFO]: [Not Secure] <dragonterroirs> kiriro tp a joaquin
[00:43:59] [Server thread/INFO]: Villager byb['Farmer'/141897, l='ServerLevel[world]', x=-821.14, y=71.00, z=1793.63] died, message: 'Farmer was shot by Pillager'
[00:44:22] [Server thread/INFO]: jwodo was blown up by Creeper
[00:45:12] [Server thread/INFO]: Villager byb['Villager'/142008, l='ServerLevel[world]', x=-858.03, y=69.94, z=1811.52] died, message: 'Villager was slain by Zombie'
[00:47:33] [Server thread/INFO]: jwodo was shot by Skeleton
[00:47:37] [Server thread/INFO]: Villager byb['Nitwit'/142007, l='ServerLevel[world]', x=-808.51, y=70.00, z=1806.02] died, message: 'Nitwit was slain by Vindicator'
[00:47:46] [Server thread/INFO]: Villager byb['Villager'/142037, l='ServerLevel[world]', x=-805.15, y=69.00, z=1806.00] died, message: 'Villager was slain by Zombie Villager using [Ominous Banner]'
[00:49:16] [Server thread/INFO]: [KIRIRO11GG: Teleported jwodo to Joaquin210601]
[00:49:22] [Server thread/INFO]: [KIRIRO11GG: Teleported KIRIRO11GG to Joaquin210601]
[00:49:57] [Server thread/INFO]: nico_game34[/127.15.194.15:45521] logged in with entity id 153072 at (-2.5, 68.0, -5.5)
[00:49:57] [Server thread/INFO]: nico_game34 joined the game
[00:50:01] [Server thread/WARN]: Mismatch in destroy block pos: gu{x=0, y=0, z=0} gu{x=-3, y=68, z=-3}
[00:50:01] [Server thread/WARN]: Mismatch in destroy block pos: gu{x=0, y=0, z=0} gu{x=-3, y=68, z=-4}
[00:50:22] [Server thread/WARN]: Mismatch in destroy block pos: gu{x=0, y=0, z=0} gu{x=-2, y=68, z=-3}
[00:50:22] [Server thread/WARN]: Mismatch in destroy block pos: gu{x=0, y=0, z=0} gu{x=-2, y=68, z=-3}
[00:50:30] [Server thread/WARN]: Mismatch in destroy block pos: gu{x=0, y=0, z=0} gu{x=0, y=70, z=-3}
[00:50:30] [Server thread/WARN]: Mismatch in destroy block pos: gu{x=0, y=0, z=0} gu{x=-1, y=70, z=-3}
[00:50:30] [Server thread/WARN]: Mismatch in destroy block pos: gu{x=0, y=0, z=0} gu{x=0, y=70, z=-2}
[00:50:30] [Server thread/WARN]: Mismatch in destroy block pos: gu{x=0, y=0, z=0} gu{x=0, y=69, z=-2}
[00:50:35] [Server thread/WARN]: Mismatch in destroy block pos: gu{x=0, y=0, z=0} gu{x=13, y=67, z=-1}
[00:50:35] [Server thread/WARN]: Mismatch in destroy block pos: gu{x=0, y=0, z=0} gu{x=13, y=67, z=-1}
[00:50:35] [Server thread/WARN]: Mismatch in destroy block pos: gu{x=0, y=0, z=0} gu{x=14, y=67, z=-1}
[00:50:38] [Server thread/WARN]: Mismatch in destroy block pos: gu{x=0, y=0, z=0} gu{x=16, y=64, z=0}
[00:50:44] [Server thread/WARN]: nico_game34 was kicked for floating too long!
[00:50:44] [Server thread/INFO]: nico_game34 lost connection: Flying is not enabled on this server
[00:50:44] [Server thread/INFO]: nico_game34 left the game
[00:50:59] [Server thread/INFO]: [KIRIRO11GG: Teleported KIRIRO11GG to KIRIRO11GG]
[00:51:05] [Server thread/INFO]: Joaquin210601 was slain by Ravager
[00:51:06] [Server thread/INFO]: [KIRIRO11GG: Teleported 7 entities to KIRIRO11GG]
[00:51:08] [Server thread/INFO]: KIRIRO11GG has made the advancement [Acquire Hardware]
[00:51:08] [Server thread/INFO]: jwodo was slain by Ravager
[00:51:12] [Server thread/INFO]: [Not Secure] <LaSuperNenita_YT> WHAT THE FUCK
[00:51:28] [Server thread/INFO]: SmolderTF has made the advancement [Not Today, Thank You]
[00:51:32] [Server thread/INFO]: [KIRIRO11GG: Teleported 7 entities to KIRIRO11GG]
[00:51:42] [Server thread/INFO]: mrnicolas was shot by Pillager
[00:52:01] [Server thread/INFO]: [Not Secure] <mrnicolas> kirirooooooooo
[00:52:04] [Server thread/INFO]: [KIRIRO11GG: Teleported 7 entities to KIRIRO11GG]
[00:52:14] [Server thread/INFO]: KIRIRO11GG was slain by LaSuperNenita_YT
[00:52:22] [Server thread/INFO]: [KIRIRO11GG: Teleported KIRIRO11GG to Joaquin210601]
[00:52:29] [Server thread/INFO]: KIRIRO11GG has made the advancement [Suit Up]
[00:52:42] [Server thread/INFO]: [Not Secure] <dragonterroirs> tieens arco
[00:52:52] [Server thread/INFO]: [Not Secure] <dragonterroirs> arco?
[00:53:01] [Server thread/INFO]: KIRIRO11GG lost connection: Timed out
[00:53:01] [Server thread/INFO]: KIRIRO11GG left the game
[00:58:50] [Server thread/WARN]: Boat (vehicle of Joaquin210601) moved wrongly! 0.30874868302407776
[00:58:50] [Server thread/WARN]: Boat (vehicle of Joaquin210601) moved wrongly! 0.45288325855153744
[00:58:50] [Server thread/WARN]: Boat (vehicle of Joaquin210601) moved wrongly! 1.883911329238117
[00:58:50] [Server thread/WARN]: Boat (vehicle of Joaquin210601) moved wrongly! 1.883911329238117
[00:58:50] [Server thread/WARN]: Boat (vehicle of Joaquin210601) moved wrongly! 1.883911329238117
[00:58:50] [Server thread/WARN]: Boat (vehicle of Joaquin210601) moved wrongly! 1.5167648214276142
[00:58:50] [Server thread/WARN]: Boat (vehicle of Joaquin210601) moved wrongly! 1.537375051221261
[00:58:50] [Server thread/WARN]: Boat (vehicle of Joaquin210601) moved wrongly! 1.1662958979561608
[00:58:51] [Server thread/WARN]: Boat (vehicle of Joaquin210601) moved wrongly! 0.9626249031280167
[00:58:51] [Server thread/WARN]: Boat (vehicle of Joaquin210601) moved wrongly! 0.9626249031280167
[00:58:51] [Server thread/WARN]: Boat (vehicle of Joaquin210601) moved wrongly! 0.9626249031280167
[00:58:51] [Server thread/WARN]: Boat (vehicle of Joaquin210601) moved wrongly! 0.9626249031280167
[00:58:51] [Server thread/WARN]: Boat (vehicle of Joaquin210601) moved wrongly! 1.0498747997542068
[00:58:51] [Server thread/WARN]: Boat (vehicle of Joaquin210601) moved wrongly! 1.0498747997542068
[00:58:51] [Server thread/WARN]: Boat (vehicle of Joaquin210601) moved wrongly! 1.0498747997542068
[00:58:51] [Server thread/WARN]: Boat (vehicle of Joaquin210601) moved wrongly! 1.0498747997542068
[00:58:51] [Server thread/WARN]: Boat (vehicle of Joaquin210601) moved wrongly! 0.9423329591529637
[00:58:51] [Server thread/WARN]: Boat (vehicle of Joaquin210601) moved wrongly! 0.8650391613350621
[00:58:51] [Server thread/WARN]: Boat (vehicle of Joaquin210601) moved wrongly! 0.7039447071254017
[00:58:51] [Server thread/WARN]: Boat (vehicle of Joaquin210601) moved wrongly! 0.789398954623266
[00:58:51] [Server thread/WARN]: Boat (vehicle of Joaquin210601) moved wrongly! 0.7739888775236068
[00:59:26] [Server thread/INFO]: [Not Secure] <Joaquin210601> -1529 1739
[01:02:53] [Server thread/INFO]: [Not Secure] <dragonterroirs> pasen cp
[01:03:02] [Server thread/INFO]: [Not Secure] <dragonterroirs> digo tp
[01:05:05] [Server thread/INFO]: LaSuperNenita_YT lost connection: Disconnected
[01:05:05] [Server thread/INFO]: LaSuperNenita_YT left the game
[01:05:07] [Server thread/INFO]: SmolderTF has made the advancement [Take Aim]
[01:08:05] [Server thread/INFO]: jwodo has made the advancement [Eye Spy]
[01:08:07] [Server thread/INFO]: dragonterroirs has made the advancement [Eye Spy]
[01:08:07] [Server thread/INFO]: SmolderTF has made the advancement [Eye Spy]
[01:08:08] [Server thread/INFO]: Joaquin210601 has made the advancement [Eye Spy]
[01:09:43] [Server thread/INFO]: jwodo has made the advancement [The End?]
[01:09:44] [Server thread/INFO]: Scanning for legacy world dragon fight...
[01:09:44] [Server thread/INFO]: Found that the dragon has not yet been killed in this world.
[01:10:16] [Server thread/INFO]: dragonterroirs has made the advancement [The End?]
[01:10:44] [Server thread/INFO]: Joaquin210601 has made the advancement [The End?]
[01:10:53] [Server thread/INFO]: SmolderTF has made the advancement [The End?]
[01:11:38] [Server thread/INFO]: Joaquin210601 was doomed to fall by Ender Dragon
[01:12:09] [Server thread/INFO]: jwodo was blown up by jwodo
[01:12:59] [Server thread/INFO]: mrnicolas lost connection: Disconnected
[01:12:59] [Server thread/INFO]: mrnicolas left the game
